#
# A fatal error has been detected by the Java Runtime Environment:
#
#  SIGSEGV (0xb) at pc=0x000000011bf98a2a, pid=33142, tid=20739
#
# JRE version: Java(TM) SE Runtime Environment (8.0_73-b02) (build 1.8.0_73-b02)
# Java VM: Java HotSpot(TM) 64-Bit Server VM (25.73-b02 mixed mode bsd-amd64 compressed oops)
# Problematic frame:
# C  [libglass.dylib+0xca2a]  -[GlassFrameBufferObject blitFromFBO:]+0x3a
#
# Failed to write core dump. Core dumps have been disabled. To enable core dumping, try "ulimit -c unlimited" before starting Java again
#
# If you would like to submit a bug report, please visit:
#   http://bugreport.java.com/bugreport/crash.jsp
# The crash happened outside the Java Virtual Machine in native code.
# See problematic frame for where to report the bug.
#

---------------  T H R E A D  ---------------

Current thread (0x00007fde128e7800):  JavaThread "QuantumRenderer-0" daemon [_thread_in_native, id=20739, stack(0x000000011b58a000,0x000000011b68a000)]

siginfo: si_signo: 11 (SIGSEGV), si_code: 1 (SEGV_MAPERR), si_addr: 0x0000000000000008

Registers:
RAX=0x56004173ef024cd4, RBX=0x00007fde11dd1fd0, RCX=0x0000000000000000, RDX=0x000000011b689170
RSP=0x000000011b6893c0, RBP=0x000000011b689410, RSI=0x0000000000008ca6, RDI=0x00007fde15000000
R8 =0x000000011b68937f, R9 =0x0000000000000c14, R10=0x00007fff9330a1dd, R11=0x00007fff868abddc
R12=0x00007fff8a703080, R13=0x00000001194b5b20, R14=0x0000000000000000, R15=0x0000000000000008
RIP=0x000000011bf98a2a, EFLAGS=0x0000000000010206, ERR=0x0000000000000004
  TRAPNO=0x000000000000000e

Top of Stack: (sp=0x000000011b6893c0)
0x000000011b6893c0:   5f7765695663614d 203a29646e65315f
0x000000011b6893d0:   203a29646e65315f 6e206c6f626d7973
0x000000011b6893e0:   0000000000000000 00007fde11dd0ef0
0x000000011b6893f0:   00007fff8a703080 00000001194b5b20
0x000000011b689400:   00007fde11c8cf90 00007fff8a703080
0x000000011b689410:   000000011b689440 000000011bf9e56e
0x000000011b689420:   0000000000000040 00007fde11c899d0
0x000000011b689430:   00007fff8a703080 0000000000000038
0x000000011b689440:   000000011b689470 000000011bf9b425
0x000000011b689450:   00007fde11dd2030 0000000000000000
0x000000011b689460:   00007fff8a703080 00007fde128e7800
0x000000011b689470:   000000011b6894a0 000000011bfa72d1
0x000000011b689480:   000000011bfa7220 00000001194b5b20
0x000000011b689490:   000000011b689538 00007fde128e7800
0x000000011b6894a0:   000000011b689508 00000001072a5954
0x000000011b6894b0:   000000011b689508 00000001072a56e7
0x000000011b6894c0:   00000001072a56a2 000000011b6894c8
0x000000011b6894d0:   00000001194b5b20 000000011b689538
0x000000011b6894e0:   00000001211a0840 0000000000000000
0x000000011b6894f0:   00000001194b5b20 0000000000000000
0x000000011b689500:   000000011b689528 000000011b689580
0x000000011b689510:   0000000107297c4d 0000000000000000
0x000000011b689520:   000000010729f578 00007fde11dd2030
0x000000011b689530:   0000000780795410 0000000780795410
0x000000011b689540:   000000011b689540 00000001194b2e09
0x000000011b689550:   000000011b689590 0000000121173708
0x000000011b689560:   0000000000000000 00000001194b2e18
0x000000011b689570:   000000011b689528 000000011b689590
0x000000011b689580:   000000011b6895d8 0000000107297c4d
0x000000011b689590:   0000000780795410 000000011b689598
0x000000011b6895a0:   000000012119ee43 000000011b6895e8
0x000000011b6895b0:   000000012119f3f8 0000000000000000 

Instructions: (pc=0x000000011bf98a2a)
0x000000011bf98a0a:   22 99 03 00 48 8d 34 03 c7 04 03 00 00 00 00 bf
0x000000011bf98a1a:   a6 8c 00 00 e8 0d f0 01 00 4c 8b 3d ee 98 03 00
0x000000011bf98a2a:   43 8b 14 3e 4c 8b 25 eb 98 03 00 43 8b 0c 26 48
0x000000011bf98a3a:   8b 35 b0 82 03 00 48 89 df ff 15 37 07 03 00 4c 

Register to memory mapping:

RAX=0x56004173ef024cd4 is an unknown value
RBX=0x00007fde11dd1fd0 is an unknown value
RCX=0x0000000000000000 is an unknown value
RDX=0x000000011b689170 is pointing into the stack for thread: 0x00007fde128e7800
RSP=0x000000011b6893c0 is pointing into the stack for thread: 0x00007fde128e7800
RBP=0x000000011b689410 is pointing into the stack for thread: 0x00007fde128e7800
RSI=0x0000000000008ca6 is an unknown value
RDI=0x00007fde15000000 is an unknown value
R8 =0x000000011b68937f is pointing into the stack for thread: 0x00007fde128e7800
R9 =0x0000000000000c14 is an unknown value
R10=0x00007fff9330a1dd: CocoaVersionNumber+0x5a7a1e5 in /System/Library/Frameworks/Cocoa.framework/Versions/A/Cocoa at 0x00007fff8d88f000
R11=0x00007fff868abddc: glGetIntegerv+0 in /System/Library/Frameworks/OpenGL.framework/Versions/A/Libraries/libGL.dylib at 0x00007fff868aa000
R12=0x00007fff8a703080: objc_msgSend+0 in /usr/lib/libobjc.A.dylib at 0x00007fff8a6fe000
R13={method} {0x00000001194b5b20} '_end' '(J)V' in 'com/sun/glass/ui/mac/MacView'
R14=0x0000000000000000 is an unknown value
R15=0x0000000000000008 is an unknown value


Stack: [0x000000011b58a000,0x000000011b68a000],  sp=0x000000011b6893c0,  free space=1020k
Native frames: (J=compiled Java code, j=interpreted, Vv=VM code, C=native code)
C  [libglass.dylib+0xca2a]  -[GlassFrameBufferObject blitFromFBO:]+0x3a
C  [libglass.dylib+0x1256e]  -[GlassOffscreen blitFromOffscreen:]+0x3e
C  [libglass.dylib+0xf425]  -[GlassLayer3D flush]+0x35
C  [libglass.dylib+0x1b2d1]  Java_com_sun_glass_ui_mac_MacView__1end+0xb1
j  com.sun.glass.ui.mac.MacView._end(J)V+0
j  com.sun.glass.ui.View.unlock()V+9
j  com.sun.prism.PresentableState.unlock()V+11
j  com.sun.javafx.tk.quantum.PresentingPainter.run()V+555
j  java.util.concurrent.Executors$RunnableAdapter.call()Ljava/lang/Object;+4
j  java.util.concurrent.FutureTask.runAndReset()Z+47
j  com.sun.javafx.tk.RenderJob.run()V+1
j  java.util.concurrent.ThreadPoolExecutor.runWorker(Ljava/util/concurrent/ThreadPoolExecutor$Worker;)V+95
j  java.util.concurrent.ThreadPoolExecutor$Worker.run()V+5
j  com.sun.javafx.tk.quantum.QuantumRenderer$PipelineRunnable.run()V+8
j  java.lang.Thread.run()V+11
v  ~StubRoutines::call_stub
V  [libjvm.dylib+0x2eae7a]  JavaCalls::call_helper(JavaValue*, methodHandle*, JavaCallArguments*, Thread*)+0x6ae
V  [libjvm.dylib+0x2eb608]  JavaCalls::call_virtual(JavaValue*, KlassHandle, Symbol*, Symbol*, JavaCallArguments*, Thread*)+0x164
V  [libjvm.dylib+0x2eb7b4]  JavaCalls::call_virtual(JavaValue*, Handle, KlassHandle, Symbol*, Symbol*, Thread*)+0x4a
V  [libjvm.dylib+0x345d31]  thread_entry(JavaThread*, Thread*)+0x7c
V  [libjvm.dylib+0x561753]  JavaThread::thread_main_inner()+0x9b
V  [libjvm.dylib+0x562e4e]  JavaThread::run()+0x1c2
V  [libjvm.dylib+0x4838a2]  java_start(Thread*)+0xf6
C  [libsystem_pthread.dylib+0x1899]  _pthread_body+0x8a
C  [libsystem_pthread.dylib+0x172a]  _pthread_struct_init+0x0
C  [libsystem_pthread.dylib+0x5fc9]  thread_start+0xd
C  0x0000000000000000

Java frames: (J=compiled Java code, j=interpreted, Vv=VM code)
j  com.sun.glass.ui.mac.MacView._end(J)V+0
j  com.sun.glass.ui.View.unlock()V+9
j  com.sun.prism.PresentableState.unlock()V+11
j  com.sun.javafx.tk.quantum.PresentingPainter.run()V+555
j  java.util.concurrent.Executors$RunnableAdapter.call()Ljava/lang/Object;+4
j  java.util.concurrent.FutureTask.runAndReset()Z+47
j  com.sun.javafx.tk.RenderJob.run()V+1
j  java.util.concurrent.ThreadPoolExecutor.runWorker(Ljava/util/concurrent/ThreadPoolExecutor$Worker;)V+95
j  java.util.concurrent.ThreadPoolExecutor$Worker.run()V+5
j  com.sun.javafx.tk.quantum.QuantumRenderer$PipelineRunnable.run()V+8
j  java.lang.Thread.run()V+11
v  ~StubRoutines::call_stub

---------------  P R O C E S S  ---------------

Java Threads: ( => current thread )
  0x00007fde129b3800 JavaThread "Prism Font Disposer" daemon [_thread_blocked, id=54019, stack(0x0000000121ec7000,0x0000000121fc7000)]
  0x00007fde1383c800 JavaThread "JavaFX-Launcher" [_thread_blocked, id=50435, stack(0x0000000120fd4000,0x00000001210d4000)]
  0x00007fde12185800 JavaThread "Thread-3" daemon [_thread_in_native, id=34563, stack(0x000000011db9e000,0x000000011dc1e000)]
  0x00007fde130a9000 JavaThread "JavaFX Application Thread" [_thread_blocked, id=3335, stack(0x00007fff59bc2000,0x00007fff5a3c2000)]
  0x00007fde13061800 JavaThread "Thread-1" daemon [_thread_blocked, id=24883, stack(0x000000011bfec000,0x000000011c0ec000)]
=>0x00007fde128e7800 JavaThread "QuantumRenderer-0" daemon [_thread_in_native, id=20739, stack(0x000000011b58a000,0x000000011b68a000)]
  0x00007fde1201e000 JavaThread "Service Thread" daemon [_thread_blocked, id=19715, stack(0x000000011b2a3000,0x000000011b3a3000)]
  0x00007fde1280b000 JavaThread "C1 CompilerThread2" daemon [_thread_blocked, id=19203, stack(0x000000011b1a0000,0x000000011b2a0000)]
  0x00007fde1280a800 JavaThread "C2 CompilerThread1" daemon [_thread_in_native, id=18691, stack(0x000000011b09d000,0x000000011b19d000)]
  0x00007fde1281f800 JavaThread "C2 CompilerThread0" daemon [_thread_blocked, id=18179, stack(0x000000011af9a000,0x000000011b09a000)]
  0x00007fde1201f800 JavaThread "Signal Dispatcher" daemon [_thread_blocked, id=17667, stack(0x000000011ae97000,0x000000011af97000)]
  0x00007fde13015800 JavaThread "Finalizer" daemon [_thread_blocked, id=12547, stack(0x000000011ac60000,0x000000011ad60000)]
  0x00007fde13014800 JavaThread "Reference Handler" daemon [_thread_blocked, id=12035, stack(0x000000011ab5d000,0x000000011ac5d000)]
  0x00007fde13805800 JavaThread "main" [_thread_blocked, id=6403, stack(0x000000010718e000,0x000000010728e000)]

Other Threads:
  0x00007fde13014000 VMThread [stack: 0x000000011aa5a000,0x000000011ab5a000] [id=11523]
  0x00007fde1280e000 WatcherThread [stack: 0x000000011b3a6000,0x000000011b4a6000] [id=20227]

VM state:not at safepoint (normal execution)

VM Mutex/Monitor currently owned by a thread: None

Heap:
 PSYoungGen      total 18944K, used 9130K [0x00000007aab00000, 0x00000007ac000000, 0x00000007c0000000)
  eden space 16384K, 55% used [0x00000007aab00000,0x00000007ab3eabe0,0x00000007abb00000)
  from space 2560K, 0% used [0x00000007abd80000,0x00000007abd80000,0x00000007ac000000)
  to   space 2560K, 0% used [0x00000007abb00000,0x00000007abb00000,0x00000007abd80000)
 ParOldGen       total 39936K, used 8418K [0x0000000780000000, 0x0000000782700000, 0x00000007aab00000)
  object space 39936K, 21% used [0x0000000780000000,0x0000000780838bd0,0x0000000782700000)
 Metaspace       used 22390K, capacity 23344K, committed 23552K, reserved 1069056K
  class space    used 3083K, capacity 3279K, committed 3328K, reserved 1048576K

Card table byte_map: [0x0000000116650000,0x0000000116851000] byte_map_base: 0x0000000112a50000

Marking Bits: (ParMarkBitMap*) 0x0000000106ae3ea0
 Begin Bits: [0x0000000116db3000, 0x0000000117db3000)
 End Bits:   [0x0000000117db3000, 0x0000000118db3000)

Polling page: 0x0000000105996000

CodeCache: size=245760Kb used=6450Kb max_used=6461Kb free=239309Kb
 bounds [0x0000000107290000, 0x00000001078f0000, 0x0000000116290000]
 total_blobs=2698 nmethods=2039 adapters=572
 compilation: enabled

Compilation events (10 events):
Event: 16.743 Thread 0x00007fde1280b000 2065       1       javafx.scene.layout.Background::isFillPercentageBased (5 bytes)
Event: 16.743 Thread 0x00007fde1280b000 nmethod 2065 0x00000001078c7650 code [0x00000001078c77a0, 0x00000001078c78b0]
Event: 16.744 Thread 0x00007fde1281f800 2068   !   4       java.util.concurrent.ConcurrentHashMap::putVal (362 bytes)
Event: 16.756 Thread 0x00007fde1280b000 2072       3       java.lang.invoke.BoundMethodHandle::<init> (32 bytes)
Event: 16.760 Thread 0x00007fde1280b000 nmethod 2072 0x00000001078c8690 code [0x00000001078c8820, 0x00000001078c8c38]
Event: 16.760 Thread 0x00007fde1280b000 2073       3       javafx.scene.Scene::getFocusOwner (11 bytes)
Event: 16.760 Thread 0x00007fde1280b000 nmethod 2073 0x00000001078c8e50 code [0x00000001078c8fe0, 0x00000001078c9428]
Event: 16.761 Thread 0x00007fde1280b000 2074       3       javafx.collections.ObservableListBase::setAll (9 bytes)
Event: 16.762 Thread 0x00007fde1280b000 nmethod 2074 0x00000001078c9550 code [0x00000001078c9700, 0x00000001078c9cb8]
Event: 16.762 Thread 0x00007fde1280b000 2077       3       javafx.scene.CssStyleHelper::lookupFont (1234 bytes)

GC Heap History (10 events):
Event: 5.514 GC heap before
{Heap before GC invocations=1 (full 0):
 PSYoungGen      total 18944K, used 16384K [0x00000007aab00000, 0x00000007ac000000, 0x00000007c0000000)
  eden space 16384K, 100% used [0x00000007aab00000,0x00000007abb00000,0x00000007abb00000)
  from space 2560K, 0% used [0x00000007abd80000,0x00000007abd80000,0x00000007ac000000)
  to   space 2560K, 0% used [0x00000007abb00000,0x00000007abb00000,0x00000007abd80000)
 ParOldGen       total 44032K, used 0K [0x0000000780000000, 0x0000000782b00000, 0x00000007aab00000)
  object space 44032K, 0% used [0x0000000780000000,0x0000000780000000,0x0000000782b00000)
 Metaspace       used 11091K, capacity 11394K, committed 11648K, reserved 1058816K
  class space    used 1258K, capacity 1373K, committed 1408K, reserved 1048576K
Event: 5.536 GC heap after
Heap after GC invocations=1 (full 0):
 PSYoungGen      total 18944K, used 2535K [0x00000007aab00000, 0x00000007ac000000, 0x00000007c0000000)
  eden space 16384K, 0% used [0x00000007aab00000,0x00000007aab00000,0x00000007abb00000)
  from space 2560K, 99% used [0x00000007abb00000,0x00000007abd79dc0,0x00000007abd80000)
  to   space 2560K, 0% used [0x00000007abd80000,0x00000007abd80000,0x00000007ac000000)
 ParOldGen       total 44032K, used 721K [0x0000000780000000, 0x0000000782b00000, 0x00000007aab00000)
  object space 44032K, 1% used [0x0000000780000000,0x00000007800b4718,0x0000000782b00000)
 Metaspace       used 11091K, capacity 11394K, committed 11648K, reserved 1058816K
  class space    used 1258K, capacity 1373K, committed 1408K, reserved 1048576K
}
Event: 7.782 GC heap before
{Heap before GC invocations=2 (full 0):
 PSYoungGen      total 18944K, used 18919K [0x00000007aab00000, 0x00000007ac000000, 0x00000007c0000000)
  eden space 16384K, 100% used [0x00000007aab00000,0x00000007abb00000,0x00000007abb00000)
  from space 2560K, 99% used [0x00000007abb00000,0x00000007abd79dc0,0x00000007abd80000)
  to   space 2560K, 0% used [0x00000007abd80000,0x00000007abd80000,0x00000007ac000000)
 ParOldGen       total 44032K, used 721K [0x0000000780000000, 0x0000000782b00000, 0x00000007aab00000)
  object space 44032K, 1% used [0x0000000780000000,0x00000007800b4718,0x0000000782b00000)
 Metaspace       used 13252K, capacity 13556K, committed 13696K, reserved 1060864K
  class space    used 1485K, capacity 1600K, committed 1664K, reserved 1048576K
Event: 7.808 GC heap after
Heap after GC invocations=2 (full 0):
 PSYoungGen      total 18944K, used 2528K [0x00000007aab00000, 0x00000007ac000000, 0x00000007c0000000)
  eden space 16384K, 0% used [0x00000007aab00000,0x00000007aab00000,0x00000007abb00000)
  from space 2560K, 98% used [0x00000007abd80000,0x00000007abff8020,0x00000007ac000000)
  to   space 2560K, 0% used [0x00000007abb00000,0x00000007abb00000,0x00000007abd80000)
 ParOldGen       total 44032K, used 5239K [0x0000000780000000, 0x0000000782b00000, 0x00000007aab00000)
  object space 44032K, 11% used [0x0000000780000000,0x000000078051df40,0x0000000782b00000)
 Metaspace       used 13252K, capacity 13556K, committed 13696K, reserved 1060864K
  class space    used 1485K, capacity 1600K, committed 1664K, reserved 1048576K
}
Event: 12.326 GC heap before
{Heap before GC invocations=3 (full 0):
 PSYoungGen      total 18944K, used 18912K [0x00000007aab00000, 0x00000007ac000000, 0x00000007c0000000)
  eden space 16384K, 100% used [0x00000007aab00000,0x00000007abb00000,0x00000007abb00000)
  from space 2560K, 98% used [0x00000007abd80000,0x00000007abff8020,0x00000007ac000000)
  to   space 2560K, 0% used [0x00000007abb00000,0x00000007abb00000,0x00000007abd80000)
 ParOldGen       total 44032K, used 5239K [0x0000000780000000, 0x0000000782b00000, 0x00000007aab00000)
  object space 44032K, 11% used [0x0000000780000000,0x000000078051df40,0x0000000782b00000)
 Metaspace       used 17987K, capacity 18476K, committed 18560K, reserved 1064960K
  class space    used 2232K, capacity 2391K, committed 2432K, reserved 1048576K
Event: 12.360 GC heap after
Heap after GC invocations=3 (full 0):
 PSYoungGen      total 18944K, used 2528K [0x00000007aab00000, 0x00000007ac000000, 0x00000007c0000000)
  eden space 16384K, 0% used [0x00000007aab00000,0x00000007aab00000,0x00000007abb00000)
  from space 2560K, 98% used [0x00000007abb00000,0x00000007abd78020,0x00000007abd80000)
  to   space 2560K, 0% used [0x00000007abd80000,0x00000007abd80000,0x00000007ac000000)
 ParOldGen       total 44032K, used 9175K [0x0000000780000000, 0x0000000782b00000, 0x00000007aab00000)
  object space 44032K, 20% used [0x0000000780000000,0x00000007808f5fb8,0x0000000782b00000)
 Metaspace       used 17987K, capacity 18476K, committed 18560K, reserved 1064960K
  class space    used 2232K, capacity 2391K, committed 2432K, reserved 1048576K
}
Event: 15.243 GC heap before
{Heap before GC invocations=4 (full 0):
 PSYoungGen      total 18944K, used 12919K [0x00000007aab00000, 0x00000007ac000000, 0x00000007c0000000)
  eden space 16384K, 63% used [0x00000007aab00000,0x00000007ab525c70,0x00000007abb00000)
  from space 2560K, 98% used [0x00000007abb00000,0x00000007abd78020,0x00000007abd80000)
  to   space 2560K, 0% used [0x00000007abd80000,0x00000007abd80000,0x00000007ac000000)
 ParOldGen       total 44032K, used 9175K [0x0000000780000000, 0x0000000782b00000, 0x00000007aab00000)
  object space 44032K, 20% used [0x0000000780000000,0x00000007808f5fb8,0x0000000782b00000)
 Metaspace       used 20570K, capacity 21238K, committed 21296K, reserved 1067008K
  class space    used 2709K, capacity 2886K, committed 2944K, reserved 1048576K
Event: 15.266 GC heap after
Heap after GC invocations=4 (full 0):
 PSYoungGen      total 18944K, used 2544K [0x00000007aab00000, 0x00000007ac000000, 0x00000007c0000000)
  eden space 16384K, 0% used [0x00000007aab00000,0x00000007aab00000,0x00000007abb00000)
  from space 2560K, 99% used [0x00000007abd80000,0x00000007abffc020,0x00000007ac000000)
  to   space 2560K, 0% used [0x00000007abb00000,0x00000007abb00000,0x00000007abd80000)
 ParOldGen       total 44032K, used 10678K [0x0000000780000000, 0x0000000782b00000, 0x00000007aab00000)
  object space 44032K, 24% used [0x0000000780000000,0x0000000780a6d868,0x0000000782b00000)
 Metaspace       used 20570K, capacity 21238K, committed 21296K, reserved 1067008K
  class space    used 2709K, capacity 2886K, committed 2944K, reserved 1048576K
}
Event: 15.266 GC heap before
{Heap before GC invocations=5 (full 1):
 PSYoungGen      total 18944K, used 2544K [0x00000007aab00000, 0x00000007ac000000, 0x00000007c0000000)
  eden space 16384K, 0% used [0x00000007aab00000,0x00000007aab00000,0x00000007abb00000)
  from space 2560K, 99% used [0x00000007abd80000,0x00000007abffc020,0x00000007ac000000)
  to   space 2560K, 0% used [0x00000007abb00000,0x00000007abb00000,0x00000007abd80000)
 ParOldGen       total 44032K, used 10678K [0x0000000780000000, 0x0000000782b00000, 0x00000007aab00000)
  object space 44032K, 24% used [0x0000000780000000,0x0000000780a6d868,0x0000000782b00000)
 Metaspace       used 20570K, capacity 21238K, committed 21296K, reserved 1067008K
  class space    used 2709K, capacity 2886K, committed 2944K, reserved 1048576K
Event: 15.408 GC heap after
Heap after GC invocations=5 (full 1):
 PSYoungGen      total 18944K, used 0K [0x00000007aab00000, 0x00000007ac000000, 0x00000007c0000000)
  eden space 16384K, 0% used [0x00000007aab00000,0x00000007aab00000,0x00000007abb00000)
  from space 2560K, 0% used [0x00000007abd80000,0x00000007abd80000,0x00000007ac000000)
  to   space 2560K, 0% used [0x00000007abb00000,0x00000007abb00000,0x00000007abd80000)
 ParOldGen       total 39936K, used 8418K [0x0000000780000000, 0x0000000782700000, 0x00000007aab00000)
  object space 39936K, 21% used [0x0000000780000000,0x0000000780838bd0,0x0000000782700000)
 Metaspace       used 20570K, capacity 21238K, committed 21296K, reserved 1067008K
  class space    used 2709K, capacity 2886K, committed 2944K, reserved 1048576K
}

Deoptimization events (10 events):
Event: 15.086 Thread 0x00007fde130a9000 Uncommon trap: reason=bimorphic action=maybe_recompile pc=0x0000000107778638 method=com.sun.javafx.css.SimpleSelector.applies(Ljavafx/css/Styleable;)Z @ 95
Event: 15.151 Thread 0x00007fde130a9000 Uncommon trap: reason=bimorphic action=maybe_recompile pc=0x0000000107778638 method=com.sun.javafx.css.SimpleSelector.applies(Ljavafx/css/Styleable;)Z @ 95
Event: 15.691 Thread 0x00007fde130a9000 Uncommon trap: reason=bimorphic action=maybe_recompile pc=0x0000000107778638 method=com.sun.javafx.css.SimpleSelector.applies(Ljavafx/css/Styleable;)Z @ 95
Event: 15.710 Thread 0x00007fde130a9000 Uncommon trap: reason=unstable_if action=reinterpret pc=0x00000001077a8974 method=com.sun.javafx.css.BitSet.addAll(Ljava/util/Collection;)Z @ 1
Event: 16.349 Thread 0x00007fde130a9000 Uncommon trap: reason=unstable_if action=reinterpret pc=0x0000000107856968 method=javafx.scene.CssStyleHelper.resolveRef(Ljavafx/css/Styleable;Ljava/lang/String;Lcom/sun/javafx/css/StyleMap;Ljava/util/Set;)Lcom/sun/javafx/css/CascadingStyle; @ 66
Event: 16.374 Thread 0x00007fde130a9000 Uncommon trap: reason=bimorphic action=maybe_recompile pc=0x0000000107848f78 method=java.util.WeakHashMap.eq(Ljava/lang/Object;Ljava/lang/Object;)Z @ 7
Event: 16.375 Thread 0x00007fde130a9000 Uncommon trap: reason=unstable_if action=reinterpret pc=0x000000010786ef30 method=javafx.scene.CssStyleHelper.lookup(Ljavafx/css/Styleable;Ljavafx/css/CssMetaData;Lcom/sun/javafx/css/StyleMap;Ljava/util/Set;Ljavafx/css/Styleable;Lcom/sun/javafx/css/Calcul
Event: 16.379 Thread 0x00007fde130a9000 Uncommon trap: reason=bimorphic action=maybe_recompile pc=0x0000000107848f78 method=java.util.WeakHashMap.eq(Ljava/lang/Object;Ljava/lang/Object;)Z @ 7
Event: 16.478 Thread 0x00007fde130a9000 Uncommon trap: reason=bimorphic action=maybe_recompile pc=0x0000000107848f78 method=java.util.WeakHashMap.eq(Ljava/lang/Object;Ljava/lang/Object;)Z @ 7
Event: 16.482 Thread 0x00007fde130a9000 Uncommon trap: reason=bimorphic action=maybe_recompile pc=0x0000000107848f78 method=java.util.WeakHashMap.eq(Ljava/lang/Object;Ljava/lang/Object;)Z @ 7

Internal exceptions (10 events):
Event: 9.205 Thread 0x00007fde130a9000 Exception <a 'java/lang/NullPointerException'> (0x00000007ab28c430) thrown at [/HUDSON3/workspace/8-2-build-macosx-x86_64/jdk8u73/6086/hotspot/src/share/vm/interpreter/linkResolver.cpp, line 1178]
Event: 9.205 Thread 0x00007fde130a9000 Exception <a 'java/lang/NullPointerException'> (0x00000007ab28c430) thrown at [/HUDSON3/workspace/8-2-build-macosx-x86_64/jdk8u73/6086/hotspot/src/share/vm/prims/jvm.cpp, line 1390]
Event: 12.133 Thread 0x00007fde130a9000 Exception <a 'java/lang/ArrayIndexOutOfBoundsException'> (0x00000007aba4b8e8) thrown at [/HUDSON3/workspace/8-2-build-macosx-x86_64/jdk8u73/6086/hotspot/src/share/vm/runtime/sharedRuntime.cpp, line 605]
Event: 12.133 Thread 0x00007fde130a9000 Exception <a 'java/lang/ArrayIndexOutOfBoundsException'> (0x00000007aba4cca8) thrown at [/HUDSON3/workspace/8-2-build-macosx-x86_64/jdk8u73/6086/hotspot/src/share/vm/runtime/sharedRuntime.cpp, line 605]
Event: 12.436 Thread 0x00007fde130a9000 Exception <a 'java/lang/ArrayIndexOutOfBoundsException': 58> (0x00000007aab5ba50) thrown at [/HUDSON3/workspace/8-2-build-macosx-x86_64/jdk8u73/6086/hotspot/src/share/vm/interpreter/interpreterRuntime.cpp, line 366]
Event: 12.662 Thread 0x00007fde130a9000 Exception <a 'java/io/FileNotFoundException'> (0x00000007aad79ae0) thrown at [/HUDSON3/workspace/8-2-build-macosx-x86_64/jdk8u73/6086/hotspot/src/share/vm/prims/jni.cpp, line 709]
Event: 14.786 Thread 0x00007fde130a9000 Implicit null exception at 0x000000010770aae9 to 0x000000010770ab3d
Event: 15.086 Thread 0x00007fde130a9000 Implicit null exception at 0x0000000107789c67 to 0x000000010778b3e5
Event: 15.710 Thread 0x00007fde130a9000 Implicit null exception at 0x00000001077a83d1 to 0x00000001077a895d
Event: 16.768 Thread 0x00007fde128e7800 Exception <a 'java/lang/reflect/InvocationTargetException'> (0x00000007ab374740) thrown at [/HUDSON3/workspace/8-2-build-macosx-x86_64/jdk8u73/6086/hotspot/src/share/vm/runtime/reflection.cpp, line 1092]

Events (10 events):
Event: 16.765 Executing VM operation: RevokeBias
Event: 16.765 Executing VM operation: RevokeBias done
Event: 16.766 loading class com/sun/prism/impl/BaseGraphicsResource
Event: 16.766 loading class com/sun/prism/impl/BaseGraphicsResource done
Event: 16.768 loading class java/lang/Throwable$WrappedPrintStream
Event: 16.769 loading class java/lang/Throwable$PrintStreamOrWriter
Event: 16.769 loading class java/lang/Throwable$PrintStreamOrWriter done
Event: 16.769 loading class java/lang/Throwable$WrappedPrintStream done
Event: 16.769 loading class java/util/IdentityHashMap$KeySet
Event: 16.770 loading class java/util/IdentityHashMap$KeySet done


Dynamic libraries:
0x00000000053c8000 	/System/Library/Frameworks/Cocoa.framework/Versions/A/Cocoa
0x00000000053c8000 	/System/Library/Frameworks/Security.framework/Versions/A/Security
0x00000000053c8000 	/System/Library/Frameworks/ApplicationServices.framework/Versions/A/ApplicationServices
0x00000000053c8000 	/usr/lib/libz.1.dylib
0x00000000053c8000 	/usr/lib/libSystem.B.dylib
0x00000000053c8000 	/usr/lib/libobjc.A.dylib
0x00000000053c8000 	/System/Library/Frameworks/CoreFoundation.framework/Versions/A/CoreFoundation
0x00000000053c8000 	/System/Library/Frameworks/Foundation.framework/Versions/C/Foundation
0x00000000053c8000 	/System/Library/Frameworks/AppKit.framework/Versions/C/AppKit
0x00000000053c8000 	/System/Library/Frameworks/CoreData.framework/Versions/A/CoreData
0x00000000053c8000 	/System/Library/PrivateFrameworks/RemoteViewServices.framework/Versions/A/RemoteViewServices
0x00000000053c8000 	/System/Library/Frameworks/AudioToolbox.framework/Versions/A/AudioToolbox
0x00000000053c8000 	/System/Library/Frameworks/AudioUnit.framework/Versions/A/AudioUnit
0x00000000053c8000 	/System/Library/PrivateFrameworks/DataDetectorsCore.framework/Versions/A/DataDetectorsCore
0x00000000053c8000 	/System/Library/PrivateFrameworks/DesktopServicesPriv.framework/Versions/A/DesktopServicesPriv
0x00000000053c8000 	/System/Library/Frameworks/Carbon.framework/Versions/A/Frameworks/HIToolbox.framework/Versions/A/HIToolbox
0x00000000053c8000 	/System/Library/Frameworks/QuartzCore.framework/Versions/A/QuartzCore
0x00000000053c8000 	/System/Library/Frameworks/Carbon.framework/Versions/A/Frameworks/SpeechRecognition.framework/Versions/A/SpeechRecognition
0x00000000053c8000 	/usr/lib/libauto.dylib
0x00000000053c8000 	/usr/lib/libicucore.A.dylib
0x00000000053c8000 	/usr/lib/libxml2.2.dylib
0x00000000053c8000 	/System/Library/PrivateFrameworks/CoreUI.framework/Versions/A/CoreUI
0x00000000053c8000 	/System/Library/Frameworks/CoreAudio.framework/Versions/A/CoreAudio
0x00000000053c8000 	/System/Library/Frameworks/DiskArbitration.framework/Versions/A/DiskArbitration
0x00000000053c8000 	/usr/lib/liblangid.dylib
0x00000000053c8000 	/System/Library/PrivateFrameworks/MultitouchSupport.framework/Versions/A/MultitouchSupport
0x00000000053c8000 	/System/Library/Frameworks/IOKit.framework/Versions/A/IOKit
0x00000000053c8000 	/usr/lib/libDiagnosticMessagesClient.dylib
0x00000000053c8000 	/System/Library/Frameworks/CoreServices.framework/Versions/A/CoreServices
0x00000000053c8000 	/System/Library/PrivateFrameworks/PerformanceAnalysis.framework/Versions/A/PerformanceAnalysis
0x00000000053c8000 	/System/Library/PrivateFrameworks/GenerationalStorage.framework/Versions/A/GenerationalStorage
0x00000000053c8000 	/System/Library/Frameworks/OpenGL.framework/Versions/A/OpenGL
0x00000000053c8000 	/System/Library/PrivateFrameworks/Sharing.framework/Versions/A/Sharing
0x00000000053c8000 	/System/Library/Frameworks/ImageIO.framework/Versions/A/ImageIO
0x00000000053c8000 	/System/Library/Frameworks/CoreText.framework/Versions/A/CoreText
0x00000000053c8000 	/System/Library/Frameworks/CoreGraphics.framework/Versions/A/CoreGraphics
0x00000000053c8000 	/System/Library/PrivateFrameworks/Backup.framework/Versions/A/Backup
0x00000000053c8000 	/System/Library/Frameworks/CFNetwork.framework/Versions/A/CFNetwork
0x00000000053c8000 	/System/Library/Frameworks/SystemConfiguration.framework/Versions/A/SystemConfiguration
0x00000000053c8000 	/usr/lib/libCRFSuite.dylib
0x00000000053c8000 	/usr/lib/libc++.1.dylib
0x00000000053c8000 	/usr/lib/libc++abi.dylib
0x00000000053c8000 	/usr/lib/system/libcache.dylib
0x00000000053c8000 	/usr/lib/system/libcommonCrypto.dylib
0x00000000053c8000 	/usr/lib/system/libcompiler_rt.dylib
0x00000000053c8000 	/usr/lib/system/libcopyfile.dylib
0x00000000053c8000 	/usr/lib/system/libcorecrypto.dylib
0x00000000053c8000 	/usr/lib/system/libdispatch.dylib
0x00000000053c8000 	/usr/lib/system/libdyld.dylib
0x00000000053c8000 	/usr/lib/system/libkeymgr.dylib
0x00000000053c8000 	/usr/lib/system/liblaunch.dylib
0x00000000053c8000 	/usr/lib/system/libmacho.dylib
0x00000000053c8000 	/usr/lib/system/libquarantine.dylib
0x00000000053c8000 	/usr/lib/system/libremovefile.dylib
0x00000000053c8000 	/usr/lib/system/libsystem_asl.dylib
0x00000000053c8000 	/usr/lib/system/libsystem_blocks.dylib
0x00000000053c8000 	/usr/lib/system/libsystem_c.dylib
0x00000000053c8000 	/usr/lib/system/libsystem_configuration.dylib
0x00000000053c8000 	/usr/lib/system/libsystem_dnssd.dylib
0x00000000053c8000 	/usr/lib/system/libsystem_info.dylib
0x00000000053c8000 	/usr/lib/system/libsystem_kernel.dylib
0x00000000053c8000 	/usr/lib/system/libsystem_m.dylib
0x00000000053c8000 	/usr/lib/system/libsystem_malloc.dylib
0x00000000053c8000 	/usr/lib/system/libsystem_network.dylib
0x00000000053c8000 	/usr/lib/system/libsystem_notify.dylib
0x00000000053c8000 	/usr/lib/system/libsystem_platform.dylib
0x00000000053c8000 	/usr/lib/system/libsystem_pthread.dylib
0x00000000053c8000 	/usr/lib/system/libsystem_sandbox.dylib
0x00000000053c8000 	/usr/lib/system/libsystem_stats.dylib
0x00000000053c8000 	/usr/lib/system/libunc.dylib
0x00000000053c8000 	/usr/lib/system/libunwind.dylib
0x00000000053c8000 	/usr/lib/system/libxpc.dylib
0x00000000053c8000 	/usr/lib/libbsm.0.dylib
0x00000000053c8000 	/usr/lib/libsqlite3.dylib
0x00000000053c8000 	/usr/lib/libxar.1.dylib
0x00000000053c8000 	/usr/lib/libpam.2.dylib
0x00000000053c8000 	/usr/lib/libOpenScriptingUtil.dylib
0x00000000053c8000 	/usr/lib/libbz2.1.0.dylib
0x00000000053c8000 	/System/Library/Frameworks/CoreServices.framework/Versions/A/Frameworks/CarbonCore.framework/Versions/A/CarbonCore
0x00000000053c8000 	/System/Library/Frameworks/CoreServices.framework/Versions/A/Frameworks/Metadata.framework/Versions/A/Metadata
0x00000000053c8000 	/System/Library/Frameworks/CoreServices.framework/Versions/A/Frameworks/OSServices.framework/Versions/A/OSServices
0x00000000053c8000 	/System/Library/Frameworks/CoreServices.framework/Versions/A/Frameworks/SearchKit.framework/Versions/A/SearchKit
0x00000000053c8000 	/System/Library/Frameworks/CoreServices.framework/Versions/A/Frameworks/AE.framework/Versions/A/AE
0x00000000053c8000 	/System/Library/Frameworks/CoreServices.framework/Versions/A/Frameworks/LaunchServices.framework/Versions/A/LaunchServices
0x00000000053c8000 	/System/Library/Frameworks/CoreServices.framework/Versions/A/Frameworks/DictionaryServices.framework/Versions/A/DictionaryServices
0x00000000053c8000 	/System/Library/Frameworks/NetFS.framework/Versions/A/NetFS
0x00000000053c8000 	/usr/lib/system/libkxld.dylib
0x00000000053c8000 	/System/Library/PrivateFrameworks/NetAuth.framework/Versions/A/NetAuth
0x00000000053c8000 	/System/Library/PrivateFrameworks/TCC.framework/Versions/A/TCC
0x00000000053c8000 	/System/Library/Frameworks/OpenDirectory.framework/Versions/A/Frameworks/CFOpenDirectory.framework/Versions/A/CFOpenDirectory
0x00000000053c8000 	/System/Library/Frameworks/ServiceManagement.framework/Versions/A/ServiceManagement
0x00000000053c8000 	/usr/lib/libxslt.1.dylib
0x00000000053c8000 	/System/Library/Frameworks/Carbon.framework/Versions/A/Frameworks/Ink.framework/Versions/A/Ink
0x00000000053c8000 	/System/Library/Frameworks/ApplicationServices.framework/Versions/A/Frameworks/ATS.framework/Versions/A/ATS
0x00000000053c8000 	/System/Library/Frameworks/ApplicationServices.framework/Versions/A/Frameworks/ColorSync.framework/Versions/A/ColorSync
0x00000000053c8000 	/System/Library/Frameworks/ApplicationServices.framework/Versions/A/Frameworks/HIServices.framework/Versions/A/HIServices
0x00000000053c8000 	/System/Library/Frameworks/ApplicationServices.framework/Versions/A/Frameworks/LangAnalysis.framework/Versions/A/LangAnalysis
0x00000000053c8000 	/System/Library/Frameworks/ApplicationServices.framework/Versions/A/Frameworks/PrintCore.framework/Versions/A/PrintCore
0x00000000053c8000 	/System/Library/Frameworks/ApplicationServices.framework/Versions/A/Frameworks/QD.framework/Versions/A/QD
0x00000000053c8000 	/System/Library/Frameworks/ApplicationServices.framework/Versions/A/Frameworks/SpeechSynthesis.framework/Versions/A/SpeechSynthesis
0x00000000053c8000 	/System/Library/Frameworks/IOSurface.framework/Versions/A/IOSurface
0x00000000053c8000 	/System/Library/Frameworks/Accelerate.framework/Versions/A/Accelerate
0x00000000053c8000 	/System/Library/Frameworks/Accelerate.framework/Versions/A/Frameworks/vImage.framework/Versions/A/vImage
0x00000000053c8000 	/System/Library/Frameworks/Accelerate.framework/Versions/A/Frameworks/vecLib.framework/Versions/A/vecLib
0x00000000053c8000 	/System/Library/Frameworks/Accelerate.framework/Versions/A/Frameworks/vecLib.framework/Versions/A/libvDSP.dylib
0x00000000053c8000 	/System/Library/Frameworks/Accelerate.framework/Versions/A/Frameworks/vecLib.framework/Versions/A/libvMisc.dylib
0x00000000053c8000 	/System/Library/Frameworks/Accelerate.framework/Versions/A/Frameworks/vecLib.framework/Versions/A/libLAPACK.dylib
0x00000000053c8000 	/System/Library/Frameworks/Accelerate.framework/Versions/A/Frameworks/vecLib.framework/Versions/A/libBLAS.dylib
0x00000000053c8000 	/System/Library/Frameworks/ApplicationServices.framework/Versions/A/Frameworks/ATS.framework/Versions/A/Resources/libFontParser.dylib
0x00000000053c8000 	/System/Library/Frameworks/ApplicationServices.framework/Versions/A/Frameworks/ATS.framework/Versions/A/Resources/libFontRegistry.dylib
0x00000000053c8000 	/System/Library/Frameworks/ImageIO.framework/Versions/A/Resources/libJPEG.dylib
0x00000000053c8000 	/System/Library/Frameworks/ImageIO.framework/Versions/A/Resources/libTIFF.dylib
0x00000000053c8000 	/System/Library/Frameworks/ImageIO.framework/Versions/A/Resources/libPng.dylib
0x00000000053c8000 	/System/Library/Frameworks/ImageIO.framework/Versions/A/Resources/libGIF.dylib
0x00000000053c8000 	/System/Library/Frameworks/ImageIO.framework/Versions/A/Resources/libJP2.dylib
0x00000000053c8000 	/System/Library/Frameworks/ImageIO.framework/Versions/A/Resources/libRadiance.dylib
0x00000000053c8000 	/usr/lib/libcups.2.dylib
0x00000000053c8000 	/System/Library/Frameworks/Kerberos.framework/Versions/A/Kerberos
0x00000000053c8000 	/System/Library/Frameworks/GSS.framework/Versions/A/GSS
0x00000000053c8000 	/usr/lib/libresolv.9.dylib
0x00000000053c8000 	/usr/lib/libiconv.2.dylib
0x00000000053c8000 	/System/Library/PrivateFrameworks/Heimdal.framework/Versions/A/Heimdal
0x00000000053c8000 	/System/Library/PrivateFrameworks/TrustEvaluationAgent.framework/Versions/A/TrustEvaluationAgent
0x00000000053c8000 	/usr/lib/libheimdal-asn1.dylib
0x00000000053c8000 	/System/Library/Frameworks/OpenDirectory.framework/Versions/A/OpenDirectory
0x00000000053c8000 	/System/Library/PrivateFrameworks/CommonAuth.framework/Versions/A/CommonAuth
0x00000000053c8000 	/System/Library/Frameworks/SecurityFoundation.framework/Versions/A/SecurityFoundation
0x00000000053c8000 	/System/Library/PrivateFrameworks/Bom.framework/Versions/A/Bom
0x00000000053c8000 	/System/Library/Frameworks/CoreVideo.framework/Versions/A/CoreVideo
0x00000000053c8000 	/System/Library/Frameworks/QuartzCore.framework/Versions/A/Frameworks/CoreImage.framework/Versions/A/CoreImage
0x00000000053c8000 	/System/Library/Frameworks/QuartzCore.framework/Versions/A/Frameworks/ScalableUserInterface.framework/Versions/A/ScalableUserInterface
0x00000000053c8000 	/System/Library/Frameworks/OpenGL.framework/Versions/A/Libraries/libGLU.dylib
0x00000000053c8000 	/System/Library/Frameworks/OpenGL.framework/Versions/A/Libraries/libGFXShared.dylib
0x00000000053c8000 	/System/Library/Frameworks/OpenGL.framework/Versions/A/Libraries/libGL.dylib
0x00000000053c8000 	/System/Library/Frameworks/OpenGL.framework/Versions/A/Libraries/libGLImage.dylib
0x00000000053c8000 	/System/Library/Frameworks/OpenGL.framework/Versions/A/Libraries/libCVMSPluginSupport.dylib
0x00000000053c8000 	/System/Library/Frameworks/OpenGL.framework/Versions/A/Libraries/libCoreVMClient.dylib
0x00000000053c8000 	/System/Library/PrivateFrameworks/FaceCore.framework/Versions/A/FaceCore
0x00000000053c8000 	/System/Library/PrivateFrameworks/CrashReporterSupport.framework/Versions/A/CrashReporterSupport
0x00000000053c8000 	/System/Library/Frameworks/OpenCL.framework/Versions/A/OpenCL
0x00000000053c8000 	/System/Library/PrivateFrameworks/AppleFSCompression.framework/Versions/A/AppleFSCompression
0x00000000053c8000 	/System/Library/PrivateFrameworks/Ubiquity.framework/Versions/A/Ubiquity
0x00000000053c8000 	/System/Library/PrivateFrameworks/IconServices.framework/Versions/A/IconServices
0x00000000053c8000 	/System/Library/PrivateFrameworks/ChunkingLibrary.framework/Versions/A/ChunkingLibrary
0x00000000053c8000 	/System/Library/PrivateFrameworks/CoreSymbolication.framework/Versions/A/CoreSymbolication
0x00000000053c8000 	/System/Library/PrivateFrameworks/Symbolication.framework/Versions/A/Symbolication
0x00000000053c8000 	/System/Library/PrivateFrameworks/DebugSymbols.framework/Versions/A/DebugSymbols
0x0000000106200000 	/Library/Java/JavaVirtualMachines/jdk1.8.0_73.jdk/Contents/Home/jre/lib/server/libjvm.dylib
0x00000000053c8000 	/usr/lib/libstdc++.6.dylib
0x0000000105953000 	/Library/Java/JavaVirtualMachines/jdk1.8.0_73.jdk/Contents/Home/jre/lib/libverify.dylib
0x0000000105961000 	/Library/Java/JavaVirtualMachines/jdk1.8.0_73.jdk/Contents/Home/jre/lib/libjava.dylib
0x00000001059a0000 	/Library/Java/JavaVirtualMachines/jdk1.8.0_73.jdk/Contents/Home/jre/lib/libzip.dylib
0x00000001059e6000 	/System/Library/Frameworks/JavaVM.framework/Frameworks/JavaRuntimeSupport.framework/JavaRuntimeSupport
0x000000011ad62000 	/System/Library/Frameworks/JavaVM.framework/Versions/A/Frameworks/JavaNativeFoundation.framework/Versions/A/JavaNativeFoundation
0x000000011ad77000 	/System/Library/Frameworks/JavaVM.framework/Versions/A/JavaVM
0x00000000053c8000 	/System/Library/Frameworks/Carbon.framework/Versions/A/Carbon
0x000000011ad84000 	/System/Library/PrivateFrameworks/JavaLaunching.framework/Versions/A/JavaLaunching
0x00000000053c8000 	/System/Library/Frameworks/Carbon.framework/Versions/A/Frameworks/CommonPanels.framework/Versions/A/CommonPanels
0x00000000053c8000 	/System/Library/Frameworks/Carbon.framework/Versions/A/Frameworks/Help.framework/Versions/A/Help
0x00000000053c8000 	/System/Library/Frameworks/Carbon.framework/Versions/A/Frameworks/ImageCapture.framework/Versions/A/ImageCapture
0x00000000053c8000 	/System/Library/Frameworks/Carbon.framework/Versions/A/Frameworks/OpenScripting.framework/Versions/A/OpenScripting
0x00000000053c8000 	/System/Library/Frameworks/Carbon.framework/Versions/A/Frameworks/Print.framework/Versions/A/Print
0x00000000053c8000 	/System/Library/Frameworks/Carbon.framework/Versions/A/Frameworks/SecurityHI.framework/Versions/A/SecurityHI
0x000000011b68c000 	/Library/Java/JavaVirtualMachines/jdk1.8.0_73.jdk/Contents/Home/jre/lib/libprism_es2.dylib
0x00000000053c8000 	/System/Library/Frameworks/OpenGL.framework/Versions/A/Resources/GLEngine.bundle/GLEngine
0x00000000053c8000 	/System/Library/Frameworks/OpenGL.framework/Versions/A/Libraries/libGLProgrammability.dylib
0x0000000000000000 	/System/Library/Extensions/AppleIntelHD5000GraphicsGLDriver.bundle/Contents/MacOS/AppleIntelHD5000GraphicsGLDriver
0x00000000053c8000 	/System/Library/PrivateFrameworks/IOAccelerator.framework/Versions/A/IOAccelerator
0x00000000053c8000 	/System/Library/PrivateFrameworks/GPUSupport.framework/Versions/A/Libraries/libGPUSupportMercury.dylib
0x00000000053c8000 	/System/Library/Frameworks/OpenGL.framework/Versions/A/Resources/GLRendererFloat.bundle/GLRendererFloat
0x00000000053c8000 	/System/Library/Frameworks/OpenCL.framework/Versions/A/Libraries/libcldcpuengine.dylib
0x00000000053c8000 	/System/Library/PrivateFrameworks/DiskImages.framework/Versions/A/DiskImages
0x00000000053c8000 	/System/Library/Frameworks/DiscRecording.framework/Versions/A/DiscRecording
0x00000000053c8000 	/usr/lib/libcsfde.dylib
0x00000000053c8000 	/usr/lib/libcurl.4.dylib
0x00000000053c8000 	/System/Library/PrivateFrameworks/MediaKit.framework/Versions/A/MediaKit
0x00000000053c8000 	/usr/lib/libCoreStorage.dylib
0x00000000053c8000 	/System/Library/PrivateFrameworks/EFILogin.framework/Versions/A/EFILogin
0x00000000053c8000 	/usr/lib/libutil.dylib
0x00000000053c8000 	/System/Library/PrivateFrameworks/AOSNotification.framework/Versions/A/AOSNotification
0x00000000053c8000 	/System/Library/Frameworks/LDAP.framework/Versions/A/LDAP
0x00000000053c8000 	/usr/lib/libsasl2.2.dylib
0x00000000053c8000 	/usr/lib/libcrypto.0.9.8.dylib
0x00000000053c8000 	/usr/lib/libssl.0.9.8.dylib
0x000000011bf8c000 	/Library/Java/JavaVirtualMachines/jdk1.8.0_73.jdk/Contents/Home/jre/lib/libglass.dylib
0x00000000053c8000 	/System/Library/PrivateFrameworks/CoreServicesInternal.framework/Versions/A/CoreServicesInternal
0x00000000053c8000 	/System/Library/PrivateFrameworks/Librarian.framework/Versions/A/Librarian
0x00000000053c8000 	/System/Library/CoreServices/RawCamera.bundle/Contents/MacOS/RawCamera
0x00000000053c8000 	/System/Library/Frameworks/CoreGraphics.framework/Versions/A/Resources/libCGCMS.A.dylib
0x00000000053c8000 	/System/Library/Frameworks/CoreGraphics.framework/Versions/A/Resources/libRIP.A.dylib
0x00000000053c8000 	/System/Library/PrivateFrameworks/FamilyControls.framework/Versions/A/FamilyControls
0x00000000053c8000 	/System/Library/PrivateFrameworks/CommerceKit.framework/Versions/A/Frameworks/CommerceCore.framework/Versions/A/CommerceCore
0x00000000053c8000 	/System/Library/PrivateFrameworks/SystemAdministration.framework/Versions/A/SystemAdministration
0x00000000053c8000 	/System/Library/Frameworks/DirectoryService.framework/Versions/A/DirectoryService
0x00000000053c8000 	/System/Library/PrivateFrameworks/LoginUIKit.framework/Versions/A/Frameworks/LoginUICore.framework/Versions/A/LoginUICore
0x00000000053c8000 	/usr/lib/libodfde.dylib
0x00000000053c8000 	/System/Library/Frameworks/CoreGraphics.framework/Versions/A/Resources/libCGXType.A.dylib
0x000000011d8ee000 	/Library/Java/JavaVirtualMachines/jdk1.8.0_73.jdk/Contents/Home/jre/lib/libmanagement.dylib
0x0000000120630000 	/Library/Java/JavaVirtualMachines/jdk1.8.0_73.jdk/Contents/Home/jre/lib/libnet.dylib
0x000000011dc87000 	/Library/Java/JavaVirtualMachines/jdk1.8.0_73.jdk/Contents/Home/jre/lib/libnio.dylib
0x0000000120d51000 	/Library/Java/JavaVirtualMachines/jdk1.8.0_73.jdk/Contents/Home/jre/lib/libsunec.dylib
0x000000011dd15000 	/Library/Java/JavaVirtualMachines/jdk1.8.0_73.jdk/Contents/Home/jre/lib/libjavafx_font.dylib
0x000000011dd47000 	cl_kernels
0x0000000121785000 	/System/Library/Frameworks/OpenCL.framework/Versions/A/Libraries/ImageFormats/unorm8_bgra.dylib
0x000000011dd38000 	cl_kernels

VM Arguments:
jvm_args: -Dfile.encoding=UTF-8 
java_command: application.MainUI
java_class_path (initial): /Users/Ji/Documents/CS348Project1/CourseManagementSystem/bin:/Users/Ji/.p2/pool/plugins/org.eclipse.fx.ide.css.jfx8_2.1.0.201508240705.jar:/Users/Ji/Documents/CS348Project1/CourseManagementSystem/ojdbc6.jar
Launcher Type: SUN_STANDARD

Environment Variables:
PATH=/usr/bin:/bin:/usr/sbin:/sbin
SHELL=/bin/bash

Signal Handlers:
SIGSEGV: [libjvm.dylib+0x5a71a5], sa_mask[0]=11111111011111110111111111111111, sa_flags=SA_ONSTACK|SA_RESTART|SA_SIGINFO
SIGBUS: [libjvm.dylib+0x5a71a5], sa_mask[0]=11111111011111110111111111111111, sa_flags=SA_RESTART|SA_SIGINFO
SIGFPE: [libjvm.dylib+0x480eb4], sa_mask[0]=11111111011111110111111111111111, sa_flags=SA_RESTART|SA_SIGINFO
SIGPIPE: [libjvm.dylib+0x480eb4], sa_mask[0]=11111111011111110111111111111111, sa_flags=SA_RESTART|SA_SIGINFO
SIGXFSZ: [libjvm.dylib+0x480eb4], sa_mask[0]=11111111011111110111111111111111, sa_flags=SA_RESTART|SA_SIGINFO
SIGILL: [libjvm.dylib+0x480eb4], sa_mask[0]=11111111011111110111111111111111, sa_flags=SA_RESTART|SA_SIGINFO
SIGUSR1: SIG_DFL, sa_mask[0]=00000000000000000000000000000000, sa_flags=SA_RESTART
SIGUSR2: [libjvm.dylib+0x4809d2], sa_mask[0]=00100000000000000000000000000000, sa_flags=SA_RESTART|SA_SIGINFO
SIGHUP: [libjvm.dylib+0x47efa9], sa_mask[0]=11111111011111110111111111111111, sa_flags=SA_RESTART|SA_SIGINFO
SIGINT: [libjvm.dylib+0x47efa9], sa_mask[0]=11111111011111110111111111111111, sa_flags=SA_RESTART|SA_SIGINFO
SIGTERM: [libjvm.dylib+0x47efa9], sa_mask[0]=11111111011111110111111111111111, sa_flags=SA_RESTART|SA_SIGINFO
SIGQUIT: [libjvm.dylib+0x47efa9], sa_mask[0]=11111111011111110111111111111111, sa_flags=SA_RESTART|SA_SIGINFO


---------------  S Y S T E M  ---------------

OS:Bsduname:Darwin 13.4.0 Darwin Kernel Version 13.4.0: Wed Mar 18 16:20:14 PDT 2015; root:xnu-2422.115.14~1/RELEASE_X86_64 x86_64
rlimit: STACK 8192k, CORE 0k, NPROC 709, NOFILE 10240, AS infinity
load average:7.30 3.83 3.18

CPU:total 4 (2 cores per cpu, 2 threads per core) family 6 model 69 stepping 1, cmov, cx8, fxsr, mmx, sse, sse2, sse3, ssse3, sse4.1, sse4.2, popcnt, avx, avx2, aes, clmul, erms, lzcnt, ht, tsc, tscinvbit, bmi1, bmi2

Memory: 4k page, physical 4194304k(31080k free)

/proc/meminfo:


vm_info: Java HotSpot(TM) 64-Bit Server VM (25.73-b02) for bsd-amd64 JRE (1.8.0_73-b02), built on Jan 29 2016 15:02:00 by "java_re" with gcc 4.2.1 (Based on Apple Inc. build 5658) (LLVM build 2336.11.00)

time: Fri Apr  1 14:24:55 2016
elapsed time: 17 seconds (0d 0h 0m 17s)

